<?xml version="1.0" encoding="UTF-8"?>
<testsuite name="org.example.MainTest" tests="1" skipped="0" failures="0" errors="0" timestamp="2023-02-23T01:37:44" hostname="johuigwcBookPro" time="0.019">
  <properties/>
  <testcase name="tests()" classname="org.example.MainTest" time="0.019"/>
  <system-out><![CDATA[]]></system-out>
  <system-err><![CDATA[]]></system-err>
</testsuite>
